<?xml version="1.0" encoding="UTF-8"?>
<!-- Generated by org.testng.reporters.JUnitReportReporter -->
<testsuite hostname="MyGenie" failures="0" tests="1" name="TestRunner.TestRunner" time="7.828" errors="0" timestamp="2024-12-06T02:48:16 CST" skipped="0">
  <testcase classname="TestRunner.TestRunner" name="runScenario" time="7.828"/>
</testsuite> <!-- TestRunner.TestRunner -->
